2025-01-04 15:13:18 Task completed
Type:       Script
Output:     Script running with args:
param1: value1
param2: value2 

Return:     Array
(
    [status] => success
    [timestamp] => 1735999998
)


2025-01-04 15:13:18 Task completed
Type:       URL
URL:        http://example.com/quick-sync?action=sync&mode=quick
HTTP Code:  404
Time:       0.406008s
Response:   <!doctype html>
<html>
<head>
    <title>Example Domain</title>

    <meta charset="utf-8" />
    <m...

2025-01-04 15:13:18 Task completed
Type:       URL
URL:        http://example.com/status-check?format=json
HTTP Code:  404
Time:       0.387708s
Response:   <!doctype html>
<html>
<head>
    <title>Example Domain</title>

    <meta charset="utf-8" />
    <m...

2025-01-04 15:13:23 Task completed
Type:       Script
Output:     Script running with args:
param1: value1
param2: value2

Return:     Array
(
    [status] => success
    [timestamp] => 1736000003
)


2025-01-04 15:13:25 Task completed
Type:       URL
URL:        http://example.com/quick-sync?action=sync&mode=quick
HTTP Code:  404
Time:       0.350595s
Response:   <!doctype html>
<html>
<head>
    <title>Example Domain</title>

    <meta charset="utf-8" />
    <m...

2025-01-04 15:13:28 Task completed
Type:       Script
Output:     Script running with args:
param1: value1
param2: value2

Return:     Array
(
    [status] => success
    [timestamp] => 1736000008
)


2025-01-04 15:13:28 Task completed
Type:       URL
URL:        http://example.com/status-check?format=json
HTTP Code:  404
Time:       0.313367s
Response:   <!doctype html>
<html>
<head>
    <title>Example Domain</title>

    <meta charset="utf-8" />
    <m...

2025-01-04 15:13:32 Task completed
Type:       URL
URL:        http://example.com/quick-sync?action=sync&mode=quick
HTTP Code:  404
Time:       0.326115s
Response:   <!doctype html>
<html>
<head>
    <title>Example Domain</title>

    <meta charset="utf-8" />
    <m...

2025-01-04 15:13:33 Task completed
Type:       Script
Output:     Script running with args:
param1: value1
param2: value2

Return:     Array
(
    [status] => success
    [timestamp] => 1736000013
)


2025-01-04 15:13:38 Task completed
Type:       Script
Output:     Script running with args:
param1: value1
param2: value2

Return:     Array
(
    [status] => success
    [timestamp] => 1736000018
)


2025-01-04 15:13:38 Task completed
Type:       URL
URL:        http://example.com/quick-sync?action=sync&mode=quick
HTTP Code:  404
Time:       0.366078s
Response:   <!doctype html>
<html>
<head>
    <title>Example Domain</title>

    <meta charset="utf-8" />
    <m...

2025-01-04 15:13:38 Task completed
Type:       URL
URL:        http://example.com/status-check?format=json
HTTP Code:  404
Time:       0.384142s
Response:   <!doctype html>
<html>
<head>
    <title>Example Domain</title>

    <meta charset="utf-8" />
    <m...

2025-01-04 15:13:43 Task completed
Type:       Script
Output:     Script running with args:
param1: value1
param2: value2

Return:     Array
(
    [status] => success
    [timestamp] => 1736000023
)


2025-01-04 15:13:44 Task completed
Type:       URL
URL:        http://example.com/quick-sync?action=sync&mode=quick
HTTP Code:  404
Time:       0.326541s
Response:   <!doctype html>
<html>
<head>
    <title>Example Domain</title>

    <meta charset="utf-8" />
    <m...

2025-01-04 16:35:57 Task completed
Config:
  Type:       Script
  Name:       some_script.php
  Interval:   5sec
  Args:
    param1: value1
    param2: value2
Time:       0s
Output:     Script running with args:
param1: value1
param2: value2

Return:     Array
(
    [status] => success
    [timestamp] => 1736004957
)


2025-01-04 16:35:57 Task completed
Config:
  Type:       URL
  Name:       http://example.com/status-check
  Interval:   10sec
  Args:
    format: json
Time:       0.408s
HTTP Code:  404
Response:   <!doctype html>
<html>
<head>
    <title>Example Domain</title>

    <meta charset="utf-8" />
    <m...

2025-01-04 16:35:59 Task completed
Config:
  Type:       URL
  Name:       http://example.com/quick-sync
  Interval:   5sec
  Args:
    action: sync
    mode: quick
  Likeliness: 50%
Time:       0.316s
HTTP Code:  404
Response:   <!doctype html>
<html>
<head>
    <title>Example Domain</title>

    <meta charset="utf-8" />
    <m...

2025-01-04 16:36:02 Task completed
Config:
  Type:       Script
  Name:       some_script.php
  Interval:   5sec
  Args:
    param1: value1
    param2: value2
Time:       0s
Output:     Script running with args:
param1: value1
param2: value2

Return:     Array
(
    [status] => success
    [timestamp] => 1736004962
)


2025-01-04 16:36:06 Task completed
Config:
  Type:       URL
  Name:       http://example.com/quick-sync
  Interval:   5sec
  Args:
    action: sync
    mode: quick
  Likeliness: 50%
Time:       0.345s
HTTP Code:  404
Response:   <!doctype html>
<html>
<head>
    <title>Example Domain</title>

    <meta charset="utf-8" />
    <m...

2025-01-04 16:36:07 Task completed
Config:
  Type:       Script
  Name:       some_script.php
  Interval:   5sec
  Args:
    param1: value1
    param2: value2
Time:       0s
Output:     Script running with args:
param1: value1
param2: value2

Return:     Array
(
    [status] => success
    [timestamp] => 1736004967
)


2025-01-04 16:36:07 Task completed
Config:
  Type:       URL
  Name:       http://example.com/status-check
  Interval:   10sec
  Args:
    format: json
Time:       0.35s
HTTP Code:  404
Response:   <!doctype html>
<html>
<head>
    <title>Example Domain</title>

    <meta charset="utf-8" />
    <m...

2025-01-04 16:36:12 Task completed
Config:
  Type:       Script
  Name:       some_script.php
  Interval:   5sec
  Args:
    param1: value1
    param2: value2
Time:       0s
Output:     Script running with args:
param1: value1
param2: value2

Return:     Array
(
    [status] => success
    [timestamp] => 1736004972
)


2025-01-04 16:36:15 Task completed
Config:
  Type:       URL
  Name:       http://example.com/quick-sync
  Interval:   5sec
  Args:
    action: sync
    mode: quick
  Likeliness: 50%
Time:       0.351s
HTTP Code:  404
Response:   <!doctype html>
<html>
<head>
    <title>Example Domain</title>

    <meta charset="utf-8" />
    <m...

2025-01-04 16:36:17 Task completed
Config:
  Type:       Script
  Name:       some_script.php
  Interval:   5sec
  Args:
    param1: value1
    param2: value2
Time:       0s
Output:     Script running with args:
param1: value1
param2: value2

Return:     Array
(
    [status] => success
    [timestamp] => 1736004977
)


2025-01-04 16:36:17 Task completed
Config:
  Type:       URL
  Name:       http://example.com/status-check
  Interval:   10sec
  Args:
    format: json
Time:       0.319s
HTTP Code:  404
Response:   <!doctype html>
<html>
<head>
    <title>Example Domain</title>

    <meta charset="utf-8" />
    <m...

2025-01-04 16:36:20 Task completed
Config:
  Type:       URL
  Name:       http://example.com/quick-sync
  Interval:   5sec
  Args:
    action: sync
    mode: quick
  Likeliness: 50%
Time:       0.337s
HTTP Code:  404
Response:   <!doctype html>
<html>
<head>
    <title>Example Domain</title>

    <meta charset="utf-8" />
    <m...

2025-01-04 16:36:22 Task completed
Config:
  Type:       Script
  Name:       some_script.php
  Interval:   5sec
  Args:
    param1: value1
    param2: value2
Time:       0s
Output:     Script running with args:
param1: value1
param2: value2

Return:     Array
(
    [status] => success
    [timestamp] => 1736004982
)


